<?xml version="1.0" encoding="UTF-8"?>
<testng-results ignored="0" total="1" passed="1" failed="0" skipped="0">
  <reporter-output>
  </reporter-output>
  <suite started-at="2022-12-15T07:51:59Z" name="Suite" finished-at="2022-12-15T07:52:04Z" duration-ms="4712">
    <groups>
    </groups>
    <test started-at="2022-12-15T07:51:59Z" name="Test" finished-at="2022-12-15T07:52:04Z" duration-ms="4712">
      <class name="employeeAPI.EndToEndTest">
        <test-method signature="test1()[pri:0, instance:employeeAPI.EndToEndTest@563e4951]" started-at="2022-12-15T07:51:59Z" name="test1" finished-at="2022-12-15T07:52:04Z" duration-ms="4680" status="PASS">
          <reporter-output>
          </reporter-output>
        </test-method> <!-- test1 -->
      </class> <!-- employeeAPI.EndToEndTest -->
    </test> <!-- Test -->
  </suite> <!-- Suite -->
</testng-results>
